TN:
SF:script/TreasuryLari.s.sol
FN:7,CounterScript.setUp
FNDA:0,CounterScript.setUp
FN:9,CounterScript.run
FNDA:0,CounterScript.run
DA:10,0
DA:10,0
FNF:2
FNH:0
LF:1
LH:0
BRF:0
BRH:0
end_of_record
TN:
SF:src/TreasuryLari.sol
FN:125,Context._msgSender
FNDA:62,Context._msgSender
DA:127,62
DA:127,62
FN:129,Context._msgData
FNDA:0,Context._msgData
DA:130,0
DA:130,0
FN:131,Context._contextSuffixLength
FNDA:0,Context._contextSuffixLength
DA:134,0
DA:134,0
FN:225,Pausable.
FNDA:48,Pausable.
DA:226,48
DA:226,48
FN:236,Pausable.whenNotPaused
FNDA:5,Pausable.whenNotPaused
DA:237,5
DA:237,5
FN:247,Pausable.whenPaused
FNDA:2,Pausable.whenPaused
DA:248,2
DA:248,2
FN:253,Pausable.paused
FNDA:16,Pausable.paused
DA:257,27
DA:257,27
FN:261,Pausable._requireNotPaused
FNDA:9,Pausable._requireNotPaused
DA:265,9
DA:265,9
BRDA:265,0,0,1
BRDA:265,0,1,8
DA:265,1
FN:269,Pausable._requirePaused
FNDA:2,Pausable._requirePaused
DA:273,2
DA:273,2
BRDA:272,1,0,1
BRDA:272,1,1,1
DA:274,1
DA:274,1
FN:281,Pausable._pause
FNDA:5,Pausable._pause
DA:283,4
DA:283,4
DA:284,4
DA:284,4
FN:294,Pausable._unpause
FNDA:2,Pausable._unpause
DA:296,1
DA:296,1
DA:296,1
FN:387,ERC20.
FNDA:48,ERC20.
DA:389,48
DA:389,48
DA:390,48
DA:390,48
FN:393,ERC20.name
FNDA:1,ERC20.name
DA:397,1
DA:397,1
FN:400,ERC20.symbol
FNDA:1,ERC20.symbol
DA:402,1
DA:402,1
FN:425,ERC20.decimals
FNDA:0,ERC20.decimals
DA:427,0
DA:427,0
FN:428,ERC20.totalSupply
FNDA:2,ERC20.totalSupply
DA:429,2
DA:429,2
FN:431,ERC20.balanceOf
FNDA:9,ERC20.balanceOf
DA:433,9
DA:433,9
FN:435,ERC20.blocked
FNDA:5,ERC20.blocked
DA:440,16
DA:440,16
FN:449,ERC20.transfer
FNDA:2,ERC20.transfer
DA:453,2
DA:453,2
DA:454,2
DA:454,2
DA:454,2
DA:456,2
DA:456,2
FN:457,ERC20.allowance
FNDA:0,ERC20.allowance
DA:465,0
DA:465,0
FN:476,ERC20.approve
FNDA:0,ERC20.approve
DA:480,0
DA:480,0
DA:481,0
DA:481,0
DA:481,0
DA:485,0
DA:485,0
FN:506,ERC20.transferFrom
FNDA:0,ERC20.transferFrom
DA:507,0
DA:507,0
DA:507,0
DA:509,0
DA:509,0
DA:509,0
DA:510,0
DA:510,0
FN:515,ERC20.burn
FNDA:0,ERC20.burn
DA:516,0
DA:516,0
FN:528,ERC20.burnFrom
FNDA:0,ERC20.burnFrom
DA:531,0
DA:531,0
DA:535,0
DA:535,0
FN:548,ERC20._transfer
FNDA:2,ERC20._transfer
DA:550,2
DA:550,2
DA:551,2
DA:551,2
BRDA:550,0,0,-
BRDA:550,0,1,2
DA:551,0
DA:553,2
DA:553,2
DA:555,2
DA:555,2
BRDA:552,1,0,-
BRDA:552,1,1,2
DA:556,0
DA:556,0
DA:558,2
DA:558,2
FN:565,ERC20._update
FNDA:4,ERC20._update
DA:569,4
DA:569,4
BRDA:569,2,0,-
BRDA:569,2,1,4
DA:569,0
DA:570,4
DA:570,4
BRDA:570,3,0,-
BRDA:570,3,1,4
DA:570,0
DA:572,4
DA:572,4
DA:575,4
DA:575,4
DA:576,4
DA:576,4
BRDA:574,4,0,2
BRDA:574,4,1,2
DA:577,2
DA:577,2
DA:577,2
DA:578,2
DA:578,2
BRDA:578,5,0,-
BRDA:578,5,1,2
DA:580,0
DA:580,0
DA:584,2
DA:584,2
BRDA:584,6,0,-
BRDA:584,6,1,2
DA:587,0
DA:587,0
DA:588,2
DA:588,2
DA:588,2
DA:589,0
DA:589,0
DA:590,0
DA:590,0
BRDA:588,7,0,-
BRDA:588,7,1,2
DA:592,0
DA:592,0
DA:596,2
DA:596,2
DA:597,2
DA:597,2
BRDA:597,8,0,-
BRDA:597,8,1,2
DA:600,0
DA:600,0
DA:600,0
DA:600,0
DA:601,0
DA:601,0
DA:606,0
DA:606,0
DA:607,0
DA:607,0
DA:608,4
DA:608,4
DA:608,4
BRDA:608,9,0,-
BRDA:608,9,1,4
DA:613,0
DA:613,0
DA:620,4
DA:620,4
DA:621,4
DA:621,4
FN:632,ERC20._mint
FNDA:2,ERC20._mint
DA:636,2
DA:636,2
DA:636,2
BRDA:636,10,0,-
BRDA:636,10,1,2
DA:636,0
DA:636,2
FN:648,ERC20._burn
FNDA:0,ERC20._burn
DA:650,0
DA:650,0
DA:650,0
BRDA:650,11,0,-
BRDA:650,11,1,-
DA:650,0
DA:652,0
DA:652,0
FN:668,ERC20._approve
FNDA:0,ERC20._approve
DA:670,0
DA:670,0
FN:696,ERC20._approve
FNDA:0,ERC20._approve
DA:697,0
DA:697,0
BRDA:697,12,0,-
BRDA:697,12,1,-
DA:697,0
DA:698,0
DA:698,0
DA:698,0
BRDA:698,13,0,-
BRDA:698,13,1,-
DA:698,0
DA:700,0
DA:700,0
DA:700,0
BRDA:700,14,0,-
BRDA:700,14,1,-
DA:700,0
DA:701,0
DA:701,0
DA:703,0
BRDA:703,15,0,-
BRDA:703,15,1,-
DA:704,0
DA:704,0
FN:715,ERC20._spendAllowance
FNDA:0,ERC20._spendAllowance
DA:718,0
DA:718,0
DA:719,0
DA:719,0
DA:720,0
DA:720,0
BRDA:719,16,0,-
BRDA:719,16,1,-
DA:722,0
DA:722,0
BRDA:722,17,0,-
BRDA:722,17,1,-
DA:722,0
DA:731,0
DA:731,0
FN:736,ERC20._blockUser
FNDA:2,ERC20._blockUser
DA:739,2
DA:739,2
DA:740,2
DA:740,2
DA:741,2
DA:741,2
BRDA:741,18,0,2
BRDA:741,18,1,2
DA:742,2
DA:742,2
DA:743,2
DA:743,2
DA:743,2
FN:746,ERC20._unblockUser
FNDA:1,ERC20._unblockUser
DA:749,1
DA:749,1
DA:749,1
DA:750,1
BRDA:750,19,0,1
BRDA:750,19,1,1
DA:752,1
DA:752,1
DA:753,1
DA:753,1
DA:753,1
FN:902,ECDSA.tryRecover
FNDA:0,ECDSA.tryRecover
DA:905,0
DA:905,0
BRDA:905,0,0,-
BRDA:905,0,1,-
DA:906,0
DA:906,0
DA:906,0
DA:908,0
DA:908,0
DA:910,0
DA:910,0
DA:911,0
DA:911,0
DA:911,0
DA:912,0
DA:912,0
DA:912,0
DA:914,0
DA:914,0
FN:940,ECDSA.recover
FNDA:0,ECDSA.recover
DA:943,0
DA:943,0
DA:948,0
DA:948,0
DA:949,0
DA:949,0
DA:949,0
FN:953,ECDSA.tryRecover
FNDA:0,ECDSA.tryRecover
DA:957,0
DA:957,0
DA:957,0
DA:958,0
DA:958,0
DA:963,0
DA:963,0
DA:963,0
DA:964,0
DA:964,0
DA:964,0
FN:969,ECDSA.recover
FNDA:0,ECDSA.recover
DA:974,0
DA:974,0
DA:976,0
DA:976,0
DA:978,0
DA:978,0
DA:979,0
DA:979,0
FN:986,ECDSA.tryRecover
FNDA:0,ECDSA.tryRecover
DA:1023,0
DA:1023,0
DA:1023,0
BRDA:1022,1,0,-
BRDA:1022,1,1,-
DA:1027,0
DA:1027,0
DA:1030,0
DA:1030,0
DA:1030,0
DA:1030,0
DA:1030,0
BRDA:1030,2,0,-
BRDA:1030,2,1,-
DA:1031,0
DA:1031,0
DA:1031,0
FN:1034,ECDSA.recover
FNDA:0,ECDSA.recover
DA:1035,0
DA:1035,0
DA:1035,0
DA:1036,0
DA:1036,0
DA:1037,0
DA:1037,0
FN:1040,ECDSA._throwError
FNDA:0,ECDSA._throwError
DA:1042,0
DA:1042,0
BRDA:1042,3,0,-
BRDA:1042,3,1,-
DA:1045,0
DA:1045,0
DA:1045,0
BRDA:1045,4,0,-
BRDA:1045,4,1,-
DA:1046,0
DA:1046,0
DA:1048,0
DA:1048,0
BRDA:1048,5,0,-
BRDA:1048,5,1,-
DA:1048,0
DA:1051,0
DA:1051,0
BRDA:1051,6,0,-
BRDA:1051,6,1,-
DA:1055,0
DA:1055,0
FN:1110,Panic.panic
FNDA:0,Panic.panic
FN:1148,SafeCast.toUint248
FNDA:0,SafeCast.toUint248
DA:1149,0
DA:1149,0
BRDA:1149,0,0,-
BRDA:1149,0,1,-
DA:1150,0
DA:1150,0
DA:1152,0
DA:1152,0
DA:1152,0
FN:1162,SafeCast.toUint240
FNDA:0,SafeCast.toUint240
DA:1164,0
DA:1164,0
BRDA:1164,1,0,-
BRDA:1164,1,1,-
DA:1167,0
DA:1167,0
DA:1169,0
DA:1169,0
DA:1169,0
FN:1178,SafeCast.toUint232
FNDA:0,SafeCast.toUint232
DA:1181,0
DA:1181,0
BRDA:1180,2,0,-
BRDA:1180,2,1,-
DA:1184,0
DA:1184,0
DA:1186,0
DA:1186,0
DA:1186,0
FN:1195,SafeCast.toUint224
FNDA:0,SafeCast.toUint224
DA:1197,0
DA:1197,0
BRDA:1197,3,0,-
BRDA:1197,3,1,-
DA:1199,0
DA:1199,0
DA:1203,0
DA:1203,0
DA:1203,0
FN:1212,SafeCast.toUint216
FNDA:0,SafeCast.toUint216
DA:1214,0
DA:1214,0
BRDA:1214,4,0,-
BRDA:1214,4,1,-
DA:1216,0
DA:1216,0
DA:1219,0
DA:1219,0
DA:1219,0
FN:1229,SafeCast.toUint208
FNDA:0,SafeCast.toUint208
DA:1231,0
DA:1231,0
BRDA:1231,5,0,-
BRDA:1231,5,1,-
DA:1231,0
DA:1235,0
DA:1235,0
DA:1235,0
FN:1245,SafeCast.toUint200
FNDA:0,SafeCast.toUint200
DA:1246,0
DA:1246,0
BRDA:1246,6,0,-
BRDA:1246,6,1,-
DA:1248,0
DA:1248,0
DA:1252,0
DA:1252,0
DA:1252,0
FN:1262,SafeCast.toUint192
FNDA:0,SafeCast.toUint192
DA:1263,0
DA:1263,0
BRDA:1263,7,0,-
BRDA:1263,7,1,-
DA:1265,0
DA:1265,0
DA:1267,0
DA:1267,0
DA:1268,0
DA:1268,0
FN:1279,SafeCast.toUint184
FNDA:0,SafeCast.toUint184
DA:1280,0
DA:1280,0
BRDA:1280,8,0,-
BRDA:1280,8,1,-
DA:1281,0
DA:1281,0
DA:1284,0
DA:1284,0
DA:1284,0
FN:1296,SafeCast.toUint176
FNDA:0,SafeCast.toUint176
DA:1297,0
DA:1297,0
BRDA:1297,9,0,-
BRDA:1297,9,1,-
DA:1297,0
DA:1299,0
DA:1299,0
DA:1300,0
DA:1300,0
FN:1310,SafeCast.toUint168
FNDA:0,SafeCast.toUint168
DA:1313,0
DA:1313,0
BRDA:1313,10,0,-
BRDA:1313,10,1,-
DA:1314,0
DA:1314,0
DA:1316,0
DA:1316,0
DA:1316,0
FN:1326,SafeCast.toUint160
FNDA:0,SafeCast.toUint160
DA:1330,0
DA:1330,0
BRDA:1330,11,0,-
BRDA:1330,11,1,-
DA:1331,0
DA:1331,0
DA:1333,0
DA:1333,0
DA:1333,0
FN:1343,SafeCast.toUint152
FNDA:0,SafeCast.toUint152
DA:1347,0
DA:1347,0
BRDA:1347,12,0,-
BRDA:1347,12,1,-
DA:1348,0
DA:1348,0
DA:1349,0
DA:1349,0
DA:1350,0
DA:1350,0
FN:1358,SafeCast.toUint144
FNDA:0,SafeCast.toUint144
DA:1364,0
DA:1364,0
BRDA:1364,13,0,-
BRDA:1364,13,1,-
DA:1364,0
DA:1365,0
DA:1365,0
DA:1365,0
FN:1375,SafeCast.toUint136
FNDA:0,SafeCast.toUint136
DA:1380,0
DA:1380,0
BRDA:1380,14,0,-
BRDA:1380,14,1,-
DA:1381,0
DA:1381,0
DA:1382,0
DA:1382,0
DA:1382,0
FN:1392,SafeCast.toUint128
FNDA:0,SafeCast.toUint128
DA:1394,0
DA:1394,0
BRDA:1394,15,0,-
BRDA:1394,15,1,-
DA:1398,0
DA:1398,0
DA:1399,0
DA:1399,0
DA:1399,0
FN:1409,SafeCast.toUint120
FNDA:0,SafeCast.toUint120
DA:1411,0
DA:1411,0
BRDA:1411,16,0,-
BRDA:1411,16,1,-
DA:1415,0
DA:1415,0
DA:1416,0
DA:1416,0
DA:1416,0
FN:1425,SafeCast.toUint112
FNDA:0,SafeCast.toUint112
DA:1427,0
DA:1427,0
BRDA:1427,17,0,-
BRDA:1427,17,1,-
DA:1429,0
DA:1429,0
DA:1432,0
DA:1432,0
DA:1432,0
FN:1442,SafeCast.toUint104
FNDA:0,SafeCast.toUint104
DA:1443,0
DA:1443,0
BRDA:1443,18,0,-
BRDA:1443,18,1,-
DA:1445,0
DA:1445,0
DA:1449,0
DA:1449,0
DA:1449,0
FN:1458,SafeCast.toUint96
FNDA:0,SafeCast.toUint96
DA:1460,0
DA:1460,0
BRDA:1460,19,0,-
BRDA:1460,19,1,-
DA:1461,0
DA:1461,0
DA:1466,0
DA:1466,0
DA:1466,0
FN:1475,SafeCast.toUint88
FNDA:0,SafeCast.toUint88
DA:1477,0
DA:1477,0
BRDA:1477,20,0,-
BRDA:1477,20,1,-
DA:1477,0
DA:1481,0
DA:1481,0
DA:1482,0
DA:1482,0
FN:1492,SafeCast.toUint80
FNDA:0,SafeCast.toUint80
DA:1493,0
DA:1493,0
BRDA:1493,21,0,-
BRDA:1493,21,1,-
DA:1494,0
DA:1494,0
DA:1496,0
DA:1496,0
DA:1496,0
FN:1508,SafeCast.toUint72
FNDA:0,SafeCast.toUint72
DA:1510,0
DA:1510,0
BRDA:1509,22,0,-
BRDA:1509,22,1,-
DA:1511,0
DA:1511,0
DA:1512,0
DA:1512,0
DA:1513,0
DA:1513,0
FN:1524,SafeCast.toUint64
FNDA:0,SafeCast.toUint64
DA:1526,0
DA:1526,0
BRDA:1526,23,0,-
BRDA:1526,23,1,-
DA:1527,0
DA:1527,0
DA:1528,0
DA:1528,0
DA:1528,0
FN:1541,SafeCast.toUint56
FNDA:0,SafeCast.toUint56
DA:1543,0
DA:1543,0
BRDA:1543,24,0,-
BRDA:1543,24,1,-
DA:1544,0
DA:1544,0
DA:1545,0
DA:1545,0
DA:1545,0
FN:1556,SafeCast.toUint48
FNDA:0,SafeCast.toUint48
DA:1560,0
DA:1560,0
BRDA:1560,25,0,-
BRDA:1560,25,1,-
DA:1560,0
DA:1562,0
DA:1562,0
DA:1562,0
FN:1573,SafeCast.toUint40
FNDA:0,SafeCast.toUint40
DA:1577,0
DA:1577,0
BRDA:1577,26,0,-
BRDA:1577,26,1,-
DA:1577,0
DA:1579,0
DA:1579,0
DA:1579,0
FN:1588,SafeCast.toUint32
FNDA:0,SafeCast.toUint32
DA:1592,0
DA:1592,0
BRDA:1592,27,0,-
BRDA:1592,27,1,-
DA:1594,0
DA:1594,0
DA:1595,0
DA:1595,0
DA:1595,0
FN:1605,SafeCast.toUint24
FNDA:0,SafeCast.toUint24
DA:1609,0
DA:1609,0
BRDA:1609,28,0,-
BRDA:1609,28,1,-
DA:1611,0
DA:1611,0
DA:1612,0
DA:1612,0
DA:1612,0
FN:1622,SafeCast.toUint16
FNDA:0,SafeCast.toUint16
DA:1626,0
DA:1626,0
BRDA:1625,29,0,-
BRDA:1625,29,1,-
DA:1627,0
DA:1627,0
DA:1628,0
DA:1628,0
DA:1628,0
FN:1638,SafeCast.toUint8
FNDA:0,SafeCast.toUint8
DA:1641,0
DA:1641,0
BRDA:1641,30,0,-
BRDA:1641,30,1,-
DA:1643,0
DA:1643,0
DA:1645,0
DA:1645,0
DA:1645,0
FN:1652,SafeCast.toUint256
FNDA:0,SafeCast.toUint256
DA:1654,0
DA:1654,0
BRDA:1654,31,0,-
BRDA:1654,31,1,-
DA:1654,0
DA:1656,0
DA:1656,0
DA:1656,0
FN:1669,SafeCast.toInt248
FNDA:0,SafeCast.toInt248
DA:1671,0
DA:1671,0
DA:1671,0
BRDA:1671,32,0,-
BRDA:1671,32,1,-
DA:1673,0
DA:1673,0
FN:1687,SafeCast.toInt240
FNDA:0,SafeCast.toInt240
DA:1688,0
DA:1688,0
DA:1690,0
DA:1690,0
BRDA:1690,33,0,-
BRDA:1690,33,1,-
DA:1690,0
FN:1705,SafeCast.toInt232
FNDA:0,SafeCast.toInt232
DA:1708,0
DA:1708,0
DA:1710,0
DA:1710,0
BRDA:1710,34,0,-
BRDA:1710,34,1,-
DA:1710,0
FN:1723,SafeCast.toInt224
FNDA:0,SafeCast.toInt224
DA:1728,0
DA:1728,0
DA:1728,0
BRDA:1728,35,0,-
BRDA:1728,35,1,-
DA:1728,0
FN:1740,SafeCast.toInt216
FNDA:0,SafeCast.toInt216
DA:1744,0
DA:1744,0
DA:1746,0
DA:1746,0
BRDA:1746,36,0,-
BRDA:1746,36,1,-
DA:1746,0
FN:1758,SafeCast.toInt208
FNDA:0,SafeCast.toInt208
DA:1762,0
DA:1762,0
DA:1764,0
DA:1764,0
BRDA:1764,37,0,-
BRDA:1764,37,1,-
DA:1764,0
FN:1776,SafeCast.toInt200
FNDA:0,SafeCast.toInt200
DA:1779,0
DA:1779,0
DA:1780,0
DA:1780,0
BRDA:1780,38,0,-
BRDA:1780,38,1,-
DA:1782,0
DA:1782,0
FN:1792,SafeCast.toInt192
FNDA:0,SafeCast.toInt192
DA:1796,0
DA:1796,0
DA:1798,0
DA:1798,0
BRDA:1798,39,0,-
BRDA:1798,39,1,-
DA:1800,0
DA:1800,0
FN:1810,SafeCast.toInt184
FNDA:0,SafeCast.toInt184
DA:1812,0
DA:1812,0
DA:1815,0
DA:1815,0
BRDA:1815,40,0,-
BRDA:1815,40,1,-
DA:1816,0
DA:1816,0
FN:1827,SafeCast.toInt176
FNDA:0,SafeCast.toInt176
DA:1830,0
DA:1830,0
DA:1832,0
DA:1832,0
BRDA:1832,41,0,-
BRDA:1832,41,1,-
DA:1834,0
DA:1834,0
FN:1845,SafeCast.toInt168
FNDA:0,SafeCast.toInt168
DA:1848,0
DA:1848,0
DA:1849,0
DA:1849,0
BRDA:1848,42,0,-
BRDA:1848,42,1,-
DA:1851,0
DA:1851,0
FN:1863,SafeCast.toInt160
FNDA:0,SafeCast.toInt160
DA:1865,0
DA:1865,0
DA:1866,0
DA:1866,0
BRDA:1866,43,0,-
BRDA:1866,43,1,-
DA:1868,0
DA:1868,0
FN:1881,SafeCast.toInt152
FNDA:0,SafeCast.toInt152
DA:1882,0
DA:1882,0
DA:1884,0
DA:1884,0
BRDA:1884,44,0,-
BRDA:1884,44,1,-
DA:1885,0
DA:1885,0
FN:1898,SafeCast.toInt144
FNDA:0,SafeCast.toInt144
DA:1900,0
DA:1900,0
DA:1902,0
DA:1902,0
BRDA:1901,45,0,-
BRDA:1901,45,1,-
DA:1902,0
FN:1916,SafeCast.toInt136
FNDA:0,SafeCast.toInt136
DA:1917,0
DA:1917,0
DA:1918,0
DA:1918,0
BRDA:1918,46,0,-
BRDA:1918,46,1,-
DA:1920,0
DA:1920,0
FN:1934,SafeCast.toInt128
FNDA:0,SafeCast.toInt128
DA:1935,0
DA:1935,0
DA:1936,0
DA:1936,0
BRDA:1936,47,0,-
BRDA:1936,47,1,-
DA:1937,0
DA:1937,0
FN:1952,SafeCast.toInt120
FNDA:0,SafeCast.toInt120
DA:1953,0
DA:1953,0
DA:1953,0
BRDA:1953,48,0,-
BRDA:1953,48,1,-
DA:1954,0
DA:1954,0
FN:1967,SafeCast.toInt112
FNDA:0,SafeCast.toInt112
DA:1970,0
DA:1970,0
DA:1971,0
DA:1971,0
BRDA:1971,49,0,-
BRDA:1971,49,1,-
DA:1972,0
DA:1972,0
FN:1983,SafeCast.toInt104
FNDA:0,SafeCast.toInt104
DA:1988,0
DA:1988,0
DA:1989,0
DA:1989,0
BRDA:1989,50,0,-
BRDA:1989,50,1,-
DA:1989,0
FN:2001,SafeCast.toInt96
FNDA:0,SafeCast.toInt96
DA:2006,0
DA:2006,0
DA:2006,0
BRDA:2006,51,0,-
BRDA:2006,51,1,-
DA:2007,0
DA:2007,0
FN:2019,SafeCast.toInt88
FNDA:0,SafeCast.toInt88
DA:2023,0
DA:2023,0
DA:2024,0
DA:2024,0
BRDA:2024,52,0,-
BRDA:2024,52,1,-
DA:2025,0
DA:2025,0
FN:2036,SafeCast.toInt80
FNDA:0,SafeCast.toInt80
DA:2038,0
DA:2038,0
DA:2042,0
DA:2042,0
BRDA:2042,53,0,-
BRDA:2042,53,1,-
DA:2042,0
FN:2053,SafeCast.toInt72
FNDA:0,SafeCast.toInt72
DA:2055,0
DA:2055,0
DA:2057,0
DA:2057,0
BRDA:2056,54,0,-
BRDA:2056,54,1,-
DA:2060,0
DA:2060,0
FN:2071,SafeCast.toInt64
FNDA:0,SafeCast.toInt64
DA:2073,0
DA:2073,0
DA:2073,0
BRDA:2073,55,0,-
BRDA:2073,55,1,-
DA:2078,0
DA:2078,0
FN:2088,SafeCast.toInt56
FNDA:0,SafeCast.toInt56
DA:2090,0
DA:2090,0
DA:2091,0
DA:2091,0
BRDA:2091,56,0,-
BRDA:2091,56,1,-
DA:2093,0
DA:2093,0
FN:2106,SafeCast.toInt48
FNDA:0,SafeCast.toInt48
DA:2108,0
DA:2108,0
DA:2109,0
DA:2109,0
BRDA:2109,57,0,-
BRDA:2109,57,1,-
DA:2109,0
FN:2124,SafeCast.toInt40
FNDA:0,SafeCast.toInt40
DA:2125,0
DA:2125,0
DA:2127,0
DA:2127,0
BRDA:2126,58,0,-
BRDA:2126,58,1,-
DA:2127,0
FN:2142,SafeCast.toInt32
FNDA:0,SafeCast.toInt32
DA:2143,0
DA:2143,0
DA:2144,0
DA:2144,0
BRDA:2144,59,0,-
BRDA:2144,59,1,-
DA:2145,0
DA:2145,0
FN:2159,SafeCast.toInt24
FNDA:0,SafeCast.toInt24
DA:2160,0
DA:2160,0
DA:2162,0
DA:2162,0
BRDA:2161,60,0,-
BRDA:2161,60,1,-
DA:2163,0
DA:2163,0
FN:2176,SafeCast.toInt16
FNDA:0,SafeCast.toInt16
DA:2178,0
DA:2178,0
DA:2179,0
DA:2179,0
BRDA:2179,61,0,-
BRDA:2179,61,1,-
DA:2180,0
DA:2180,0
FN:2194,SafeCast.toInt8
FNDA:0,SafeCast.toInt8
DA:2196,0
DA:2196,0
DA:2196,0
BRDA:2196,62,0,-
BRDA:2196,62,1,-
DA:2197,0
DA:2197,0
FN:2205,SafeCast.toInt256
FNDA:0,SafeCast.toInt256
DA:2212,0
DA:2212,0
DA:2212,0
BRDA:2212,63,0,-
BRDA:2212,63,1,-
DA:2214,0
DA:2214,0
DA:2214,0
DA:2215,0
DA:2215,0
FN:2217,SafeCast.toUint
FNDA:0,SafeCast.toUint
DA:2223,0
DA:2223,0
FN:2235,Math.tryAdd
FNDA:0,Math.tryAdd
DA:2241,0
DA:2241,0
DA:2241,0
DA:2241,0
BRDA:2241,0,0,-
BRDA:2241,0,1,-
DA:2241,0
DA:2242,0
DA:2242,0
FN:2249,Math.trySub
FNDA:0,Math.trySub
DA:2252,0
DA:2252,0
BRDA:2252,1,0,-
BRDA:2252,1,1,-
DA:2253,0
DA:2253,0
DA:2253,0
FN:2259,Math.tryMul
FNDA:0,Math.tryMul
DA:2271,0
DA:2271,0
BRDA:2271,2,0,-
BRDA:2271,2,1,-
DA:2271,0
DA:2272,0
DA:2272,0
DA:2273,0
DA:2273,0
DA:2276,0
DA:2276,0
DA:2276,0
BRDA:2276,3,0,-
BRDA:2276,3,1,-
DA:2276,0
DA:2276,0
FN:2282,Math.tryDiv
FNDA:0,Math.tryDiv
DA:2284,0
DA:2284,0
BRDA:2284,4,0,-
BRDA:2284,4,1,-
DA:2284,0
DA:2285,0
DA:2285,0
FN:2291,Math.tryMod
FNDA:0,Math.tryMod
DA:2295,0
DA:2295,0
BRDA:2295,5,0,-
BRDA:2295,5,1,-
DA:2295,0
DA:2301,0
DA:2301,0
FN:2315,Math.ternary
FNDA:0,Math.ternary
DA:2326,0
DA:2326,0
DA:2326,0
FN:2330,Math.max
FNDA:0,Math.max
DA:2332,0
DA:2332,0
DA:2332,0
FN:2335,Math.min
FNDA:0,Math.min
DA:2339,0
DA:2339,0
DA:2339,0
FN:2344,Math.average
FNDA:0,Math.average
DA:2346,0
DA:2346,0
DA:2346,0
DA:2346,0
FN:2351,Math.ceilDiv
FNDA:0,Math.ceilDiv
DA:2355,0
DA:2355,0
BRDA:2354,6,0,-
BRDA:2354,6,1,-
DA:2357,0
DA:2357,0
DA:2374,0
DA:2374,0
DA:2375,0
DA:2375,0
DA:2375,0
FN:2386,Math.mulDiv
FNDA:0,Math.mulDiv
DA:2398,0
DA:2398,0
DA:2398,0
DA:2403,0
DA:2403,0
DA:2406,0
DA:2406,0
DA:2412,0
DA:2412,0
BRDA:2412,7,0,-
BRDA:2412,7,1,-
DA:2422,0
DA:2422,0
DA:2422,0
DA:2428,0
DA:2428,0
BRDA:2428,8,0,-
BRDA:2428,8,1,-
DA:2428,0
DA:2439,0
DA:2439,0
DA:2440,0
DA:2440,0
DA:2443,0
DA:2443,0
DA:2443,0
DA:2451,0
DA:2451,0
DA:2451,0
DA:2455,0
DA:2455,0
DA:2459,0
DA:2459,0
DA:2461,0
DA:2461,0
DA:2462,0
DA:2462,0
DA:2467,0
DA:2467,0
DA:2469,0
DA:2469,0
DA:2473,0
DA:2473,0
DA:2474,0
DA:2474,0
DA:2474,0
DA:2476,0
DA:2476,0
DA:2478,0
DA:2478,0
DA:2480,0
DA:2480,0
DA:2493,0
DA:2493,0
DA:2494,0
DA:2494,0
FN:2499,Math.mulDiv
FNDA:0,Math.mulDiv
DA:2501,0
DA:2501,0
DA:2502,0
DA:2502,0
DA:2502,0
DA:2504,0
DA:2504,0
FN:2520,Math.invMod
FNDA:0,Math.invMod
DA:2522,0
DA:2522,0
BRDA:2522,9,0,-
BRDA:2522,9,1,-
DA:2522,0
DA:2528,0
DA:2528,0
DA:2529,0
DA:2529,0
DA:2529,0
DA:2531,0
DA:2531,0
DA:2531,0
DA:2532,0
DA:2532,0
DA:2532,0
DA:2533,0
DA:2533,0
DA:2533,0
DA:2538,0
DA:2538,0
DA:2552,0
DA:2552,0
BRDA:2552,10,0,-
BRDA:2552,10,1,-
DA:2553,0
DA:2553,0
DA:2554,0
DA:2554,0
DA:2554,0
FN:2569,Math.invModPrime
FNDA:0,Math.invModPrime
DA:2570,0
DA:2570,0
DA:2570,0
FN:2587,Math.modExp
FNDA:0,Math.modExp
DA:2591,0
DA:2591,0
DA:2593,0
DA:2593,0
DA:2594,0
DA:2594,0
BRDA:2594,11,0,-
BRDA:2594,11,1,-
DA:2594,0
DA:2596,0
DA:2596,0
FN:2611,Math.tryModExp
FNDA:0,Math.tryModExp
DA:2616,0
DA:2616,0
BRDA:2616,12,0,-
BRDA:2616,12,1,-
DA:2616,0
DA:2645,0
DA:2645,0
DA:2646,0
DA:2646,0
FN:2652,Math.modExp
FNDA:0,Math.modExp
DA:2655,0
DA:2655,0
DA:2657,0
DA:2657,0
DA:2661,0
DA:2661,0
BRDA:2661,13,0,-
BRDA:2661,13,1,-
DA:2661,0
DA:2661,0
FN:2662,Math.tryModExp
FNDA:0,Math.tryModExp
DA:2665,0
DA:2665,0
BRDA:2665,14,0,-
BRDA:2665,14,1,-
DA:2665,0
DA:2666,0
DA:2666,0
DA:2666,0
DA:2671,0
DA:2671,0
FN:2680,Math._zeroBytes
FNDA:0,Math._zeroBytes
DA:2681,0
DA:2681,0
DA:2681,0
DA:2682,0
DA:2682,0
DA:2682,0
BRDA:2682,15,0,-
BRDA:2682,15,1,-
DA:2682,0
DA:2682,0
FN:2685,Math.sqrt
FNDA:0,Math.sqrt
DA:2689,0
DA:2689,0
BRDA:2689,16,0,-
BRDA:2689,16,1,-
DA:2690,0
DA:2690,0
DA:2721,0
DA:2721,0
DA:2722,0
DA:2722,0
DA:2722,0
BRDA:2722,17,0,-
BRDA:2722,17,1,-
DA:2723,0
DA:2723,0
DA:2723,0
DA:2725,0
DA:2725,0
BRDA:2725,18,0,-
BRDA:2725,18,1,-
DA:2727,0
DA:2727,0
DA:2727,0
DA:2728,0
DA:2728,0
BRDA:2728,19,0,-
BRDA:2728,19,1,-
DA:2728,0
DA:2730,0
DA:2730,0
DA:2731,0
DA:2731,0
BRDA:2731,20,0,-
BRDA:2731,20,1,-
DA:2731,0
DA:2732,0
DA:2732,0
DA:2732,0
BRDA:2732,21,0,-
BRDA:2732,21,1,-
DA:2733,0
DA:2733,0
DA:2734,0
DA:2734,0
DA:2736,0
DA:2736,0
BRDA:2735,22,0,-
BRDA:2735,22,1,-
DA:2737,0
DA:2737,0
DA:2738,0
DA:2738,0
DA:2739,0
DA:2739,0
BRDA:2739,23,0,-
BRDA:2739,23,1,-
DA:2741,0
DA:2741,0
DA:2753,0
DA:2753,0
DA:2800,0
DA:2800,0
DA:2804,0
DA:2804,0
DA:2808,0
DA:2808,0
DA:2813,0
DA:2813,0
DA:2818,0
DA:2818,0
DA:2819,0
DA:2819,0
DA:2825,0
DA:2825,0
DA:2825,0
DA:2825,0
FN:2829,Math.sqrt
FNDA:0,Math.sqrt
DA:2831,0
DA:2831,0
DA:2831,0
DA:2831,0
DA:2832,0
DA:2832,0
DA:2832,0
FN:2835,Math.log2
FNDA:0,Math.log2
DA:2837,0
DA:2837,0
DA:2837,0
DA:2839,0
DA:2839,0
DA:2839,0
DA:2840,0
DA:2840,0
DA:2841,0
DA:2841,0
DA:2842,0
DA:2842,0
DA:2842,0
DA:2842,0
DA:2843,0
DA:2843,0
DA:2844,0
DA:2844,0
DA:2844,0
DA:2845,0
DA:2845,0
DA:2847,0
DA:2847,0
DA:2847,0
DA:2848,0
DA:2848,0
DA:2848,0
DA:2849,0
DA:2849,0
DA:2850,0
DA:2850,0
DA:2850,0
DA:2851,0
DA:2851,0
DA:2852,0
DA:2852,0
DA:2853,0
DA:2853,0
DA:2854,0
DA:2854,0
DA:2855,0
DA:2855,0
FN:2858,Math.log2
FNDA:0,Math.log2
DA:2860,0
DA:2860,0
DA:2860,0
DA:2860,0
DA:2861,0
DA:2861,0
DA:2861,0
FN:2863,Math.log10
FNDA:0,Math.log10
DA:2864,0
DA:2864,0
DA:2864,0
DA:2864,0
BRDA:2864,24,0,-
BRDA:2864,24,1,-
DA:2864,0
DA:2865,0
DA:2865,0
DA:2865,0
DA:2865,0
BRDA:2865,25,0,-
BRDA:2865,25,1,-
DA:2865,0
DA:2867,0
DA:2867,0
DA:2867,0
DA:2867,0
BRDA:2867,26,0,-
BRDA:2867,26,1,-
DA:2867,0
DA:2868,0
DA:2868,0
DA:2868,0
DA:2868,0
BRDA:2868,27,0,-
BRDA:2868,27,1,-
DA:2868,0
DA:2869,0
DA:2869,0
DA:2870,0
DA:2870,0
DA:2870,0
BRDA:2870,28,0,-
BRDA:2870,28,1,-
DA:2871,0
DA:2871,0
DA:2875,0
DA:2875,0
DA:2875,0
DA:2875,0
BRDA:2875,29,0,-
BRDA:2875,29,1,-
DA:2877,0
DA:2877,0
DA:2879,0
DA:2879,0
DA:2880,0
DA:2880,0
DA:2880,0
BRDA:2880,30,0,-
BRDA:2880,30,1,-
DA:2881,0
DA:2881,0
DA:2882,0
DA:2882,0
FN:2888,Math.log10
FNDA:0,Math.log10
DA:2893,0
DA:2893,0
DA:2895,0
DA:2895,0
DA:2895,0
DA:2895,0
DA:2896,0
DA:2896,0
FN:2908,Math.log256
FNDA:0,Math.log256
DA:2911,0
DA:2911,0
DA:2911,0
DA:2913,0
DA:2913,0
DA:2915,0
DA:2915,0
DA:2916,0
DA:2916,0
DA:2917,0
DA:2917,0
DA:2919,0
DA:2919,0
DA:2920,0
DA:2920,0
DA:2921,0
DA:2921,0
DA:2923,0
DA:2923,0
DA:2924,0
DA:2924,0
DA:2925,0
DA:2925,0
DA:2928,0
DA:2928,0
DA:2930,0
DA:2930,0
DA:2933,0
DA:2933,0
DA:2933,0
FN:2940,Math.log256
FNDA:0,Math.log256
DA:2944,0
DA:2944,0
DA:2945,0
DA:2945,0
DA:2945,0
DA:2945,0
DA:2946,0
DA:2946,0
FN:2956,Math.unsignedRoundsUp
FNDA:0,Math.unsignedRoundsUp
DA:2958,0
DA:2958,0
DA:2958,0
DA:2958,0
DA:2958,0
FN:2976,SignedMath.ternary
FNDA:0,SignedMath.ternary
DA:2989,0
DA:2989,0
DA:2989,0
FN:2992,SignedMath.max
FNDA:0,SignedMath.max
DA:2995,0
DA:2995,0
DA:2995,0
FN:2998,SignedMath.min
FNDA:0,SignedMath.min
DA:3001,0
DA:3001,0
DA:3001,0
FN:3007,SignedMath.average
FNDA:0,SignedMath.average
DA:3010,0
DA:3010,0
DA:3010,0
DA:3010,0
DA:3011,0
DA:3011,0
FN:3015,SignedMath.abs
FNDA:0,SignedMath.abs
DA:3035,0
DA:3035,0
DA:3037,0
DA:3037,0
DA:3039,0
DA:3039,0
DA:3040,0
DA:3040,0
FN:3068,Strings.toString
FNDA:0,Strings.toString
DA:3070,0
DA:3070,0
DA:3070,0
DA:3070,0
DA:3070,0
DA:3071,0
DA:3071,0
DA:3071,0
DA:3071,0
DA:3074,0
DA:3074,0
DA:3080,0
DA:3080,0
DA:3080,0
BRDA:3080,0,0,-
BRDA:3080,0,1,-
DA:3081,0
DA:3081,0
DA:3082,0
DA:3082,0
FN:3088,Strings.toStringSigned
FNDA:0,Strings.toStringSigned
DA:3090,0
DA:3090,0
DA:3090,0
FN:3098,Strings.toHexString
FNDA:0,Strings.toHexString
DA:3103,0
DA:3103,0
DA:3103,0
FN:3107,Strings.toHexString
FNDA:0,Strings.toHexString
DA:3112,0
DA:3112,0
DA:3112,0
DA:3113,0
DA:3113,0
DA:3114,0
DA:3114,0
DA:3114,0
DA:3116,0
DA:3116,0
DA:3116,0
DA:3116,0
DA:3116,0
DA:3116,0
DA:3116,0
DA:3117,0
DA:3117,0
DA:3117,0
BRDA:3117,1,0,-
BRDA:3117,1,1,-
DA:3117,0
DA:3118,0
DA:3118,0
DA:3118,0
FN:3120,Strings.toHexString
FNDA:0,Strings.toHexString
DA:3120,0
DA:3120,0
DA:3120,0
FN:3129,Strings.toChecksumHexString
FNDA:0,Strings.toChecksumHexString
DA:3135,0
DA:3135,0
DA:3135,0
DA:3139,0
DA:3139,0
DA:3141,0
DA:3141,0
DA:3144,0
DA:3144,0
DA:3144,0
DA:3144,0
DA:3148,0
DA:3148,0
DA:3148,0
DA:3148,0
DA:3149,0
DA:3149,0
DA:3149,0
BRDA:3146,2,0,-
BRDA:3146,2,1,-
DA:3151,0
DA:3151,0
DA:3154,0
DA:3154,0
DA:3154,0
DA:3154,0
FN:3156,Strings.equal
FNDA:0,Strings.equal
DA:3159,0
DA:3159,0
DA:3159,0
DA:3159,0
DA:3161,0
DA:3161,0
DA:3161,0
DA:3161,0
FN:3168,Strings.parseUint
FNDA:0,Strings.parseUint
DA:3171,0
DA:3171,0
DA:3171,0
FN:3185,Strings.parseUint
FNDA:0,Strings.parseUint
DA:3190,0
DA:3190,0
DA:3192,0
DA:3192,0
DA:3192,0
BRDA:3192,3,0,-
BRDA:3192,3,1,-
DA:3192,0
DA:3194,0
DA:3194,0
FN:3202,Strings.tryParseUint
FNDA:0,Strings.tryParseUint
DA:3206,0
DA:3206,0
DA:3206,0
FN:3214,Strings.tryParseUint
FNDA:0,Strings.tryParseUint
DA:3220,0
DA:3220,0
DA:3220,0
DA:3220,0
BRDA:3220,4,0,-
BRDA:3220,4,1,-
DA:3220,0
DA:3222,0
DA:3222,0
DA:3222,0
FN:3228,Strings._tryParseUintUncheckedBounds
FNDA:0,Strings._tryParseUintUncheckedBounds
DA:3234,0
DA:3234,0
DA:3234,0
DA:3234,0
DA:3236,0
DA:3236,0
DA:3236,0
DA:3236,0
DA:3236,0
DA:3237,0
DA:3237,0
DA:3239,0
DA:3239,0
BRDA:3239,5,0,-
BRDA:3239,5,1,-
DA:3239,0
DA:3239,0
DA:3242,0
DA:3242,0
DA:3242,0
FN:3247,Strings.parseInt
FNDA:0,Strings.parseInt
DA:3250,0
DA:3250,0
DA:3251,0
DA:3251,0
FN:3266,Strings.parseInt
FNDA:0,Strings.parseInt
DA:3270,0
DA:3270,0
DA:3270,0
DA:3272,0
DA:3272,0
BRDA:3272,6,0,-
BRDA:3272,6,1,-
DA:3272,0
DA:3272,0
FN:3282,Strings.tryParseInt
FNDA:0,Strings.tryParseInt
DA:3286,0
DA:3286,0
DA:3286,0
FN:3297,Strings.tryParseInt
FNDA:0,Strings.tryParseInt
DA:3302,0
DA:3302,0
DA:3302,0
DA:3302,0
BRDA:3302,7,0,-
BRDA:3302,7,1,-
DA:3302,0
DA:3305,0
DA:3305,0
DA:3306,0
DA:3306,0
FN:3311,Strings._tryParseIntUncheckedBounds
FNDA:0,Strings._tryParseIntUncheckedBounds
DA:3316,0
DA:3316,0
DA:3316,0
DA:3317,0
DA:3317,0
DA:3318,0
DA:3318,0
DA:3322,0
DA:3322,0
DA:3322,0
DA:3322,0
DA:3324,0
DA:3324,0
DA:3324,0
DA:3324,0
DA:3325,0
DA:3325,0
DA:3326,0
DA:3326,0
DA:3328,0
DA:3328,0
DA:3328,0
DA:3332,0
DA:3332,0
DA:3332,0
BRDA:3332,8,0,-
BRDA:3332,8,1,-
DA:3333,0
DA:3333,0
DA:3334,0
DA:3334,0
DA:3334,0
DA:3335,0
DA:3335,0
BRDA:3334,9,0,-
BRDA:3334,9,1,-
DA:3336,0
DA:3336,0
DA:3338,0
DA:3338,0
FN:3348,Strings.parseHexUint
FNDA:0,Strings.parseHexUint
DA:3351,0
DA:3351,0
DA:3352,0
DA:3352,0
FN:3362,Strings.parseHexUint
FNDA:0,Strings.parseHexUint
DA:3365,0
DA:3365,0
DA:3366,0
DA:3366,0
DA:3367,0
DA:3367,0
BRDA:3367,10,0,-
BRDA:3367,10,1,-
DA:3368,0
DA:3368,0
DA:3371,0
DA:3371,0
FN:3374,Strings.tryParseHexUint
FNDA:0,Strings.tryParseHexUint
DA:3378,0
DA:3378,0
DA:3378,0
FN:3386,Strings.tryParseHexUint
FNDA:0,Strings.tryParseHexUint
DA:3391,0
DA:3391,0
DA:3391,0
DA:3392,0
DA:3392,0
BRDA:3390,11,0,-
BRDA:3390,11,1,-
DA:3392,0
DA:3393,0
DA:3393,0
DA:3394,0
DA:3394,0
FN:3400,Strings._tryParseHexUintUncheckedBounds
FNDA:0,Strings._tryParseHexUintUncheckedBounds
DA:3403,0
DA:3403,0
DA:3404,0
DA:3404,0
DA:3407,0
DA:3407,0
DA:3407,0
DA:3407,0
DA:3407,0
DA:3408,0
DA:3408,0
DA:3412,0
DA:3412,0
DA:3412,0
DA:3412,0
DA:3413,0
DA:3413,0
DA:3413,0
DA:3413,0
DA:3413,0
DA:3413,0
DA:3413,0
DA:3413,0
DA:3415,0
DA:3415,0
BRDA:3415,12,0,-
BRDA:3415,12,1,-
DA:3415,0
DA:3416,0
DA:3416,0
DA:3425,0
DA:3425,0
DA:3425,0
FN:3432,Strings.parseAddress
FNDA:0,Strings.parseAddress
DA:3434,0
DA:3434,0
DA:3435,0
DA:3435,0
FN:3443,Strings.parseAddress
FNDA:0,Strings.parseAddress
DA:3447,0
DA:3447,0
DA:3447,0
DA:3448,0
DA:3448,0
BRDA:3448,13,0,-
BRDA:3448,13,1,-
DA:3448,0
DA:3450,0
DA:3450,0
FN:3456,Strings.tryParseAddress
FNDA:0,Strings.tryParseAddress
DA:3461,0
DA:3461,0
DA:3461,0
FN:3467,Strings.tryParseAddress
FNDA:0,Strings.tryParseAddress
DA:3472,0
DA:3472,0
DA:3472,0
DA:3472,0
BRDA:3472,14,0,-
BRDA:3472,14,1,-
DA:3472,0
DA:3473,0
DA:3473,0
DA:3475,0
DA:3475,0
DA:3475,0
DA:3475,0
DA:3476,0
DA:3476,0
DA:3480,0
DA:3480,0
DA:3481,0
DA:3481,0
DA:3481,0
DA:3481,0
DA:3482,0
DA:3482,0
DA:3482,0
BRDA:3482,15,0,-
BRDA:3482,15,1,-
DA:3487,0
DA:3487,0
DA:3487,0
DA:3488,0
DA:3488,0
DA:3490,0
DA:3490,0
FN:3492,Strings._tryParseChr
FNDA:0,Strings._tryParseChr
DA:3494,0
DA:3494,0
DA:3494,0
DA:3499,0
DA:3499,0
DA:3499,0
DA:3499,0
BRDA:3499,16,0,-
BRDA:3499,16,1,-
DA:3499,0
DA:3499,0
DA:3499,0
DA:3499,0
BRDA:3499,17,0,-
BRDA:3499,17,1,-
DA:3499,0
DA:3500,0
DA:3500,0
DA:3500,0
DA:3500,0
BRDA:3500,18,0,-
BRDA:3500,18,1,-
DA:3502,0
DA:3502,0
DA:3503,0
DA:3503,0
DA:3503,0
FN:3508,Strings._unsafeReadBytesOffset
FNDA:0,Strings._unsafeReadBytesOffset
DA:3517,0
DA:3517,0
FN:3547,MessageHashUtils.toEthSignedMessageHash
FNDA:0,MessageHashUtils.toEthSignedMessageHash
DA:3555,0
DA:3555,0
FN:3569,MessageHashUtils.toEthSignedMessageHash
FNDA:0,MessageHashUtils.toEthSignedMessageHash
DA:3571,0
DA:3571,0
DA:3571,0
FN:3589,MessageHashUtils.toDataWithIntendedValidatorHash
FNDA:0,MessageHashUtils.toDataWithIntendedValidatorHash
DA:3593,0
DA:3593,0
DA:3593,0
FN:3608,MessageHashUtils.toTypedDataHash
FNDA:0,MessageHashUtils.toTypedDataHash
DA:3619,0
DA:3619,0
FN:3655,StorageSlot.getAddressSlot
FNDA:0,StorageSlot.getAddressSlot
DA:3656,0
DA:3656,0
FN:3661,StorageSlot.getBooleanSlot
FNDA:0,StorageSlot.getBooleanSlot
DA:3666,0
DA:3666,0
FN:3668,StorageSlot.getBytes32Slot
FNDA:0,StorageSlot.getBytes32Slot
DA:3675,0
DA:3675,0
FN:3677,StorageSlot.getUint256Slot
FNDA:0,StorageSlot.getUint256Slot
DA:3682,0
DA:3682,0
FN:3686,StorageSlot.getInt256Slot
FNDA:0,StorageSlot.getInt256Slot
DA:3690,0
DA:3690,0
FN:3692,StorageSlot.getStringSlot
FNDA:0,StorageSlot.getStringSlot
DA:3694,0
DA:3694,0
FN:3699,StorageSlot.getStringSlot
FNDA:0,StorageSlot.getStringSlot
DA:3703,0
DA:3703,0
FN:3706,StorageSlot.getBytesSlot
FNDA:0,StorageSlot.getBytesSlot
DA:3712,0
DA:3712,0
FN:3714,StorageSlot.getBytesSlot
FNDA:0,StorageSlot.getBytesSlot
DA:3717,0
DA:3717,0
FN:3775,ShortStrings.toShortString
FNDA:96,ShortStrings.toShortString
DA:3780,96
DA:3780,96
DA:3781,96
DA:3781,96
DA:3782,96
DA:3782,96
BRDA:3782,0,0,-
BRDA:3782,0,1,96
DA:3783,0
DA:3783,0
DA:3784,96
DA:3784,96
DA:3784,96
FN:3791,ShortStrings.toString
FNDA:0,ShortStrings.toString
DA:3794,0
DA:3794,0
DA:3794,0
DA:3800,0
DA:3800,0
DA:3801,0
DA:3801,0
DA:3805,0
DA:3805,0
FN:3807,ShortStrings.byteLength
FNDA:0,ShortStrings.byteLength
DA:3812,0
DA:3812,0
DA:3812,0
DA:3812,0
DA:3814,0
DA:3814,0
BRDA:3814,1,0,-
BRDA:3814,1,1,-
DA:3816,0
DA:3816,0
DA:3816,0
FN:3823,ShortStrings.toShortStringWithFallback
FNDA:96,ShortStrings.toShortStringWithFallback
DA:3827,96
DA:3827,96
BRDA:3827,2,0,96
BRDA:3827,2,1,-
DA:3828,96
DA:3828,96
DA:3829,96
DA:3829,96
DA:3833,0
DA:3833,0
DA:3834,0
DA:3834,0
DA:3834,0
FN:3839,ShortStrings.toStringWithFallback
FNDA:0,ShortStrings.toStringWithFallback
DA:3846,0
DA:3846,0
DA:3846,0
BRDA:3846,3,0,-
BRDA:3846,3,1,-
DA:3849,0
DA:3849,0
DA:3849,0
DA:3850,0
DA:3850,0
FN:3867,ShortStrings.byteLengthWithFallback
FNDA:0,ShortStrings.byteLengthWithFallback
DA:3868,0
DA:3868,0
DA:3868,0
BRDA:3868,4,0,-
BRDA:3868,4,1,-
DA:3872,0
DA:3872,0
DA:3872,0
DA:3872,0
FN:3981,EIP712.
FNDA:48,EIP712.
DA:3983,48
DA:3983,48
DA:3985,48
DA:3985,48
DA:3987,48
DA:3987,48
DA:3988,48
DA:3988,48
DA:3990,48
DA:3990,48
DA:3991,48
DA:3991,48
DA:3997,48
DA:3997,48
FN:4002,EIP712._domainSeparatorV4
FNDA:0,EIP712._domainSeparatorV4
DA:4002,0
DA:4002,0
DA:4002,0
DA:4002,0
DA:4003,0
DA:4003,0
BRDA:4002,0,0,-
BRDA:4002,0,1,-
DA:4005,0
DA:4005,0
DA:4008,0
DA:4008,0
DA:4009,0
DA:4009,0
FN:4010,EIP712._buildDomainSeparator
FNDA:48,EIP712._buildDomainSeparator
DA:4012,48
DA:4012,48
DA:4013,48
DA:4013,48
FN:4028,EIP712._hashTypedDataV4
FNDA:0,EIP712._hashTypedDataV4
DA:4031,0
DA:4031,0
DA:4031,0
FN:4032,EIP712.eip712Domain
FNDA:0,EIP712.eip712Domain
DA:4037,0
DA:4037,0
FN:4048,EIP712._EIP712Name
FNDA:0,EIP712._EIP712Name
DA:4051,0
DA:4051,0
DA:4051,0
FN:4058,EIP712._EIP712Version
FNDA:0,EIP712._EIP712Version
DA:4061,0
DA:4061,0
DA:4061,0
FN:4072,Nonces.nonces
FNDA:0,Nonces.nonces
DA:4074,0
DA:4074,0
FN:4077,Nonces._useNonce
FNDA:0,Nonces._useNonce
DA:4084,0
DA:4084,0
DA:4084,0
FN:4091,Nonces._useCheckedNonce
FNDA:0,Nonces._useCheckedNonce
DA:4092,0
DA:4092,0
DA:4092,0
DA:4092,0
BRDA:4092,0,0,-
BRDA:4092,0,1,-
DA:4093,0
DA:4093,0
FN:4131,ERC20Permit.
FNDA:48,ERC20Permit.
FN:4136,ERC20Permit.permit
FNDA:0,ERC20Permit.permit
DA:4145,0
DA:4145,0
BRDA:4145,0,0,-
BRDA:4145,0,1,-
DA:4146,0
DA:4146,0
DA:4148,0
DA:4148,0
DA:4148,0
DA:4158,0
DA:4158,0
DA:4159,0
DA:4159,0
DA:4163,0
DA:4163,0
DA:4163,0
DA:4165,0
DA:4165,0
BRDA:4165,1,0,-
BRDA:4165,1,1,-
DA:4165,0
DA:4166,0
DA:4166,0
FN:4168,ERC20Permit.nonces
FNDA:0,ERC20Permit.nonces
DA:4170,0
DA:4170,0
DA:4170,0
FN:4175,ERC20Permit.DOMAIN_SEPARATOR
FNDA:0,ERC20Permit.DOMAIN_SEPARATOR
DA:4176,0
DA:4176,0
DA:4177,0
DA:4177,0
FN:4208,Ownable.
FNDA:48,Ownable.
DA:4208,48
DA:4208,48
DA:4209,48
DA:4209,48
BRDA:4208,0,0,-
BRDA:4208,0,1,48
DA:4209,0
DA:4210,48
DA:4210,48
FN:4216,Ownable.onlyOwner
FNDA:3,Ownable.onlyOwner
DA:4217,3
DA:4217,3
FN:4219,Ownable.owner
FNDA:1,Ownable.owner
DA:4220,45
DA:4220,45
FN:4222,Ownable._checkOwner
FNDA:44,Ownable._checkOwner
DA:4228,44
DA:4228,44
DA:4228,44
DA:4228,44
BRDA:4228,1,0,11
BRDA:4228,1,1,33
DA:4228,11
FN:4233,Ownable.renounceOwnership
FNDA:0,Ownable.renounceOwnership
DA:4235,0
DA:4235,0
FN:4238,Ownable.transferOwnership
FNDA:0,Ownable.transferOwnership
DA:4242,0
DA:4242,0
DA:4242,0
BRDA:4242,2,0,-
BRDA:4242,2,1,-
DA:4244,0
DA:4244,0
DA:4247,0
DA:4247,0
FN:4252,Ownable._transferOwnership
FNDA:48,Ownable._transferOwnership
DA:4254,48
DA:4254,48
DA:4254,48
DA:4254,48
FN:4321,TreasuryLari.
FNDA:48,TreasuryLari.
DA:4328,48
DA:4328,48
DA:4328,48
DA:4328,48
DA:4328,47
DA:4328,47
BRDA:4328,0,0,2
BRDA:4328,0,1,46
DA:4330,2
DA:4330,2
DA:4330,46
DA:4333,46
DA:4333,46
FN:4338,TreasuryLari.getTLWallet
FNDA:4,TreasuryLari.getTLWallet
DA:4340,4
DA:4340,4
FN:4345,TreasuryLari.getTaxWallet
FNDA:4,TreasuryLari.getTaxWallet
DA:4346,4
DA:4346,4
FN:4355,TreasuryLari.isPool
FNDA:3,TreasuryLari.isPool
DA:4361,3
DA:4361,3
FN:4368,TreasuryLari.getRTFee
FNDA:4,TreasuryLari.getRTFee
DA:4370,4
DA:4370,4
FN:4372,TreasuryLari.getSFee
FNDA:4,TreasuryLari.getSFee
DA:4377,4
DA:4377,4
FN:4380,TreasuryLari.getFDivider
FNDA:1,TreasuryLari.getFDivider
DA:4381,1
DA:4381,1
FN:4384,TreasuryLari.getIsRTFeeEnabled
FNDA:4,TreasuryLari.getIsRTFeeEnabled
DA:4388,4
DA:4388,4
FN:4391,TreasuryLari.getIsSFeeEnabled
FNDA:4,TreasuryLari.getIsSFeeEnabled
DA:4392,4
DA:4392,4
FN:4399,TreasuryLari.pause
FNDA:6,TreasuryLari.pause
DA:4399,5
DA:4399,5
FN:4402,TreasuryLari.unpause
FNDA:3,TreasuryLari.unpause
DA:4403,2
DA:4403,2
FN:4419,TreasuryLari.mint
FNDA:5,TreasuryLari.mint
DA:4419,4
DA:4419,4
BRDA:4419,1,0,1
BRDA:4419,1,1,3
DA:4421,1
DA:4421,1
DA:4423,3
DA:4423,3
DA:4423,3
BRDA:4423,2,0,1
BRDA:4423,2,1,2
DA:4423,1
DA:4423,2
FN:4431,TreasuryLari.blockUsers
FNDA:3,TreasuryLari.blockUsers
DA:4432,2
DA:4432,2
DA:4434,4
DA:4434,4
DA:4434,2
DA:4436,2
DA:4436,2
FN:4442,TreasuryLari.unblockUsers
FNDA:2,TreasuryLari.unblockUsers
DA:4443,1
DA:4443,1
DA:4444,2
DA:4444,2
DA:4444,1
DA:4445,1
DA:4445,1
FN:4452,TreasuryLari.addPoolAddress
FNDA:5,TreasuryLari.addPoolAddress
DA:4454,4
DA:4454,4
BRDA:4454,3,0,1
BRDA:4454,3,1,3
DA:4457,1
DA:4457,1
DA:4458,3
DA:4458,3
DA:4460,3
DA:4460,3
FN:4471,TreasuryLari.updateTLWallet
FNDA:4,TreasuryLari.updateTLWallet
DA:4473,3
DA:4473,3
BRDA:4473,4,0,1
BRDA:4473,4,1,2
DA:4473,1
DA:4475,2
DA:4475,2
DA:4475,2
FN:4486,TreasuryLari.updateTaxWallet
FNDA:3,TreasuryLari.updateTaxWallet
DA:4487,2
DA:4487,2
BRDA:4487,5,0,1
BRDA:4487,5,1,1
DA:4488,1
DA:4488,1
DA:4489,1
DA:4489,1
DA:4490,1
DA:4490,1
FN:4504,TreasuryLari.withdrawStuckedToken
FNDA:3,TreasuryLari.withdrawStuckedToken
DA:4506,2
DA:4506,2
DA:4507,2
DA:4507,2
DA:4508,2
DA:4508,2
BRDA:4508,6,0,1
BRDA:4508,6,1,1
DA:4512,1
DA:4512,1
DA:4512,1
FN:4532,TreasuryLari.enableRTFee
FNDA:5,TreasuryLari.enableRTFee
DA:4537,4
DA:4537,4
BRDA:4537,7,0,1
BRDA:4537,7,1,3
DA:4537,1
DA:4539,3
DA:4539,3
DA:4540,3
DA:4540,3
DA:4543,3
DA:4543,3
FN:4558,TreasuryLari.enableSFee
FNDA:5,TreasuryLari.enableSFee
DA:4562,4
DA:4562,4
BRDA:4562,8,0,1
BRDA:4562,8,1,3
DA:4562,1
DA:4564,3
DA:4564,3
DA:4565,3
DA:4565,3
DA:4569,3
DA:4569,3
FNF:227
FNH:51
LF:681
LH:117
BRF:328
BRH:43
end_of_record
