TN:
SF:src/TreasuryLari.sol
FN:110,Context._msgSender
FNDA:124,Context._msgSender
DA:110,124
DA:110,124
FN:201,Pausable.
FNDA:93,Pausable.
DA:204,93
DA:204,93
FN:212,Pausable.whenNotPaused
FNDA:6,Pausable.whenNotPaused
DA:215,6
DA:215,6
FN:223,Pausable.whenPaused
FNDA:2,Pausable.whenPaused
DA:224,2
DA:224,2
FN:230,Pausable.paused
FNDA:20,Pausable.paused
DA:233,58
DA:233,58
FN:239,Pausable._requireNotPaused
FNDA:36,Pausable._requireNotPaused
DA:240,36
DA:240,36
BRDA:240,0,0,1
BRDA:240,0,1,35
DA:242,1
DA:242,1
FN:247,Pausable._requirePaused
FNDA:2,Pausable._requirePaused
DA:249,2
DA:249,2
BRDA:249,1,0,1
BRDA:249,1,1,1
DA:249,1
FN:258,Pausable._pause
FNDA:6,Pausable._pause
DA:259,5
DA:259,5
DA:260,5
DA:260,5
FN:269,Pausable._unpause
FNDA:2,Pausable._unpause
DA:271,1
DA:271,1
DA:272,1
DA:272,1
FN:361,ERC20.
FNDA:93,ERC20.
DA:363,93
DA:363,93
DA:365,93
DA:365,93
FN:367,ERC20.name
FNDA:2,ERC20.name
DA:370,2
DA:370,2
FN:375,ERC20.symbol
FNDA:2,ERC20.symbol
DA:376,2
DA:376,2
FN:399,ERC20.decimals
FNDA:1,ERC20.decimals
DA:400,1
DA:400,1
FN:401,ERC20.totalSupply
FNDA:7,ERC20.totalSupply
DA:404,7
DA:404,7
FN:405,ERC20.balanceOf
FNDA:43,ERC20.balanceOf
DA:406,43
DA:406,43
FN:410,ERC20.blocked
FNDA:7,ERC20.blocked
DA:415,83
DA:415,83
FN:422,ERC20.transfer
FNDA:17,ERC20.transfer
DA:427,17
DA:427,17
DA:427,17
DA:428,17
DA:428,17
DA:429,12
DA:429,12
FN:431,ERC20.allowance
FNDA:7,ERC20.allowance
DA:438,11
DA:438,11
FN:450,ERC20.approve
FNDA:7,ERC20.approve
DA:454,7
DA:454,7
DA:454,7
DA:455,7
DA:455,7
DA:458,4
DA:458,4
FN:479,ERC20.transferFrom
FNDA:2,ERC20.transferFrom
DA:481,2
DA:481,2
DA:482,2
DA:482,2
DA:482,2
DA:483,1
DA:483,1
DA:485,1
DA:485,1
FN:489,ERC20.burn
FNDA:2,ERC20.burn
DA:489,2
DA:489,2
FN:504,ERC20.burnFrom
FNDA:2,ERC20.burnFrom
DA:506,2
DA:506,2
DA:508,1
DA:508,1
FN:523,ERC20._transfer
FNDA:18,ERC20._transfer
DA:524,18
DA:524,18
DA:524,18
BRDA:524,0,0,1
BRDA:524,0,1,17
DA:525,1
DA:525,1
DA:529,17
DA:529,17
DA:529,17
BRDA:529,1,0,1
BRDA:529,1,1,16
DA:529,1
DA:531,16
DA:531,16
FN:539,ERC20._update
FNDA:30,ERC20._update
DA:543,30
DA:543,30
BRDA:543,2,0,1
BRDA:543,2,1,29
DA:543,1
DA:544,29
DA:544,29
BRDA:544,3,0,1
BRDA:544,3,1,28
DA:545,1
DA:545,1
DA:547,28
DA:547,28
DA:549,28
DA:549,28
DA:549,28
BRDA:549,4,0,12
BRDA:549,4,1,16
DA:550,12
DA:550,12
DA:550,16
DA:553,16
DA:553,16
BRDA:553,5,0,1
BRDA:553,5,1,15
DA:555,1
DA:555,1
DA:558,15
BRDA:558,6,0,2
BRDA:558,6,1,4
DA:559,4
BRDA:559,7,0,-
BRDA:559,7,1,4
DA:560,0
DA:560,0
DA:561,4
BRDA:561,8,0,2
BRDA:561,8,1,4
DA:564,2
DA:564,2
DA:565,15
DA:565,15
DA:565,15
DA:566,2
DA:566,2
DA:566,2
BRDA:565,9,0,2
BRDA:565,9,1,15
DA:569,2
DA:569,2
DA:574,15
DA:574,15
DA:575,15
DA:575,15
BRDA:575,10,0,4
BRDA:575,10,1,15
DA:576,4
DA:576,4
DA:577,4
DA:577,4
DA:577,4
DA:578,4
DA:578,4
DA:583,4
DA:583,4
DA:585,4
DA:585,4
DA:586,27
DA:586,27
DA:588,27
DA:588,27
BRDA:586,11,0,2
BRDA:586,11,1,25
DA:590,2
DA:590,2
DA:598,25
DA:598,25
DA:598,27
FN:611,ERC20._mint
FNDA:12,ERC20._mint
DA:613,12
DA:613,12
DA:613,12
BRDA:613,12,0,-
BRDA:613,12,1,12
DA:613,0
DA:614,12
DA:614,12
FN:626,ERC20._burn
FNDA:3,ERC20._burn
DA:627,3
DA:627,3
DA:627,3
BRDA:627,13,0,1
BRDA:627,13,1,2
DA:629,1
DA:629,1
DA:630,2
DA:630,2
FN:646,ERC20._approve
FNDA:8,ERC20._approve
DA:648,8
DA:648,8
FN:673,ERC20._approve
FNDA:10,ERC20._approve
DA:674,10
DA:674,10
BRDA:674,14,0,1
BRDA:674,14,1,9
DA:674,1
DA:675,9
DA:675,9
DA:675,9
BRDA:675,15,0,1
BRDA:675,15,1,8
DA:676,1
DA:676,1
DA:677,8
DA:677,8
DA:677,8
BRDA:677,16,0,1
BRDA:677,16,1,7
DA:677,1
DA:678,7
DA:678,7
DA:681,7
BRDA:681,17,0,5
BRDA:681,17,1,7
DA:681,5
FN:693,ERC20._spendAllowance
FNDA:4,ERC20._spendAllowance
DA:696,4
DA:696,4
DA:696,4
DA:698,4
DA:698,4
BRDA:698,18,0,2
BRDA:698,18,1,2
DA:699,4
DA:699,4
BRDA:699,19,0,2
BRDA:699,19,1,2
DA:701,2
DA:701,2
DA:708,2
DA:708,2
FN:714,ERC20._blockUser
FNDA:6,ERC20._blockUser
DA:717,6
DA:717,6
DA:718,6
DA:718,6
DA:719,6
DA:719,6
BRDA:719,20,0,6
BRDA:719,20,1,6
DA:720,6
DA:720,6
DA:720,6
DA:721,6
DA:721,6
FN:724,ERC20._unblockUser
FNDA:1,ERC20._unblockUser
DA:726,1
DA:726,1
DA:727,1
DA:727,1
DA:729,1
BRDA:729,21,0,1
BRDA:729,21,1,1
DA:730,1
DA:730,1
DA:730,1
DA:731,1
DA:731,1
FN:845,ECDSA.tryRecover
FNDA:4,ECDSA.tryRecover
DA:888,4
DA:888,4
DA:888,4
BRDA:887,0,0,1
BRDA:887,0,1,3
DA:889,1
DA:889,1
DA:890,3
DA:890,3
DA:890,3
DA:891,3
DA:891,3
DA:891,3
BRDA:891,1,0,1
BRDA:891,1,1,2
DA:891,1
DA:893,2
DA:893,2
FN:894,ECDSA.recover
FNDA:4,ECDSA.recover
DA:896,4
DA:896,4
DA:898,4
DA:898,4
DA:899,4
DA:899,4
DA:901,2
DA:901,2
FN:905,ECDSA._throwError
FNDA:4,ECDSA._throwError
DA:906,4
DA:906,4
BRDA:906,2,0,2
BRDA:906,2,1,2
DA:907,4
DA:907,4
DA:908,2
DA:908,2
BRDA:908,3,0,1
BRDA:908,3,1,1
DA:911,1
DA:911,1
DA:912,1
DA:912,1
BRDA:911,4,0,-
BRDA:911,4,1,1
DA:915,0
DA:915,0
DA:917,1
DA:917,1
BRDA:917,5,0,1
BRDA:917,5,1,-
DA:920,1
DA:920,1
FN:930,Math.log10
FNDA:0,Math.log10
DA:935,0
DA:935,0
DA:935,0
DA:935,0
BRDA:935,0,0,-
BRDA:935,0,1,-
DA:935,0
DA:937,0
DA:937,0
DA:937,0
DA:937,0
BRDA:937,1,0,-
BRDA:937,1,1,-
DA:938,0
DA:938,0
DA:939,0
DA:939,0
DA:940,0
DA:940,0
DA:940,0
BRDA:940,2,0,-
BRDA:940,2,1,-
DA:940,0
DA:941,0
DA:941,0
DA:942,0
DA:942,0
DA:942,0
BRDA:942,3,0,-
BRDA:942,3,1,-
DA:942,0
DA:943,0
DA:943,0
DA:943,0
DA:944,0
DA:944,0
BRDA:943,4,0,-
BRDA:943,4,1,-
DA:944,0
DA:945,0
DA:945,0
DA:945,0
DA:946,0
DA:946,0
BRDA:945,5,0,-
BRDA:945,5,1,-
DA:951,0
DA:951,0
DA:951,0
DA:953,0
DA:953,0
DA:953,0
BRDA:953,6,0,-
BRDA:953,6,1,-
DA:955,0
DA:955,0
DA:955,0
FN:962,Strings.toString
FNDA:0,Strings.toString
DA:966,0
DA:966,0
DA:966,0
DA:966,0
DA:967,0
DA:967,0
DA:969,0
DA:969,0
DA:969,0
DA:971,0
DA:971,0
DA:975,0
DA:975,0
DA:980,0
DA:980,0
DA:981,0
DA:981,0
BRDA:981,0,0,-
BRDA:981,0,1,-
DA:982,0
DA:982,0
DA:982,0
FN:1024,MessageHashUtils.toEthSignedMessageHash
FNDA:0,MessageHashUtils.toEthSignedMessageHash
DA:1030,0
DA:1030,0
FN:1040,MessageHashUtils.toEthSignedMessageHash
FNDA:0,MessageHashUtils.toEthSignedMessageHash
DA:1043,0
DA:1043,0
DA:1045,0
DA:1045,0
FN:1059,MessageHashUtils.toTypedDataHash
FNDA:4,MessageHashUtils.toTypedDataHash
DA:1067,4
DA:1067,4
FN:1111,StorageSlot.getAddressSlot
FNDA:0,StorageSlot.getAddressSlot
DA:1112,0
DA:1112,0
FN:1115,StorageSlot.getBooleanSlot
FNDA:0,StorageSlot.getBooleanSlot
DA:1119,0
DA:1119,0
FN:1122,StorageSlot.getBytes32Slot
FNDA:0,StorageSlot.getBytes32Slot
DA:1129,0
DA:1129,0
FN:1137,StorageSlot.getUint256Slot
FNDA:0,StorageSlot.getUint256Slot
DA:1148,0
DA:1148,0
FN:1157,StorageSlot.getInt256Slot
FNDA:0,StorageSlot.getInt256Slot
DA:1161,0
DA:1161,0
FN:1168,StorageSlot.getStringSlot
FNDA:0,StorageSlot.getStringSlot
DA:1172,0
DA:1172,0
FN:1179,StorageSlot.getStringSlot
FNDA:0,StorageSlot.getStringSlot
DA:1183,0
DA:1183,0
FN:1190,StorageSlot.getBytesSlot
FNDA:0,StorageSlot.getBytesSlot
DA:1194,0
DA:1194,0
FN:1201,StorageSlot.getBytesSlot
FNDA:0,StorageSlot.getBytesSlot
DA:1205,0
DA:1205,0
FN:1262,ShortStrings.toShortString
FNDA:186,ShortStrings.toShortString
DA:1264,186
DA:1264,186
DA:1264,186
DA:1264,186
BRDA:1264,0,0,-
BRDA:1264,0,1,186
DA:1265,0
DA:1265,0
DA:1266,186
DA:1266,186
DA:1266,186
FN:1271,ShortStrings.toString
FNDA:2,ShortStrings.toString
DA:1275,2
DA:1275,2
DA:1275,2
DA:1279,2
DA:1279,2
DA:1279,2
DA:1283,2
DA:1283,2
FN:1288,ShortStrings.byteLength
FNDA:2,ShortStrings.byteLength
DA:1289,2
DA:1289,2
DA:1290,2
DA:1290,2
DA:1290,2
DA:1291,2
DA:1291,2
BRDA:1291,1,0,-
BRDA:1291,1,1,2
DA:1291,0
DA:1293,2
DA:1293,2
FN:1297,ShortStrings.toShortStringWithFallback
FNDA:186,ShortStrings.toShortStringWithFallback
DA:1302,186
DA:1302,186
BRDA:1302,2,0,186
BRDA:1302,2,1,-
DA:1303,186
DA:1303,186
DA:1303,186
DA:1304,0
DA:1304,0
DA:1306,0
DA:1306,0
DA:1306,0
FN:1313,ShortStrings.toStringWithFallback
FNDA:2,ShortStrings.toStringWithFallback
DA:1316,2
DA:1316,2
DA:1316,2
BRDA:1316,3,0,2
BRDA:1316,3,1,-
DA:1316,2
DA:1317,2
DA:1317,2
DA:1318,0
DA:1318,0
FN:1331,ShortStrings.byteLengthWithFallback
FNDA:0,ShortStrings.byteLengthWithFallback
DA:1337,0
DA:1337,0
DA:1337,0
BRDA:1337,4,0,-
BRDA:1337,4,1,-
DA:1339,0
DA:1339,0
DA:1339,0
DA:1341,0
DA:1341,0
FN:1433,EIP712.
FNDA:93,EIP712.
DA:1435,93
DA:1435,93
DA:1437,93
DA:1437,93
DA:1439,93
DA:1439,93
DA:1440,93
DA:1440,93
DA:1440,93
DA:1441,93
DA:1441,93
DA:1442,93
DA:1442,93
FN:1444,EIP712._domainSeparatorV4
FNDA:8,EIP712._domainSeparatorV4
DA:1447,8
DA:1447,8
DA:1447,8
DA:1447,8
DA:1447,8
BRDA:1447,0,0,8
BRDA:1447,0,1,-
DA:1449,8
DA:1449,8
DA:1451,0
DA:1451,0
DA:1451,0
FN:1452,EIP712._buildDomainSeparator
FNDA:93,EIP712._buildDomainSeparator
DA:1455,93
DA:1455,93
DA:1455,93
FN:1473,EIP712._hashTypedDataV4
FNDA:4,EIP712._hashTypedDataV4
DA:1476,4
DA:1476,4
DA:1477,4
DA:1477,4
FN:1483,EIP712.eip712Domain
FNDA:1,EIP712.eip712Domain
DA:1491,1
DA:1491,1
FN:1508,EIP712._EIP712Name
FNDA:1,EIP712._EIP712Name
DA:1508,1
DA:1508,1
DA:1509,1
DA:1509,1
FN:1521,EIP712._EIP712Version
FNDA:1,EIP712._EIP712Version
DA:1523,1
DA:1523,1
DA:1523,1
FN:1536,Nonces.nonces
FNDA:5,Nonces.nonces
DA:1539,5
DA:1539,5
FN:1545,Nonces._useNonce
FNDA:4,Nonces._useNonce
DA:1558,4
DA:1558,4
DA:1558,4
FN:1594,ERC20Permit.
FNDA:93,ERC20Permit.
FN:1595,ERC20Permit.permit
FNDA:5,ERC20Permit.permit
DA:1598,5
DA:1598,5
BRDA:1598,0,0,1
BRDA:1598,0,1,4
DA:1599,1
DA:1599,1
DA:1604,4
DA:1604,4
DA:1605,4
DA:1605,4
DA:1608,4
DA:1608,4
DA:1608,4
DA:1609,4
DA:1609,4
DA:1609,4
DA:1609,2
BRDA:1609,1,0,1
BRDA:1609,1,1,1
DA:1609,1
DA:1610,1
DA:1610,1
FN:1612,ERC20Permit.nonces
FNDA:5,ERC20Permit.nonces
DA:1615,5
DA:1615,5
DA:1615,5
FN:1621,ERC20Permit.DOMAIN_SEPARATOR
FNDA:4,ERC20Permit.DOMAIN_SEPARATOR
DA:1624,4
DA:1624,4
DA:1624,4
FN:1664,Ownable.
FNDA:93,Ownable.
DA:1666,93
DA:1666,93
DA:1666,93
BRDA:1665,0,0,-
BRDA:1665,0,1,93
DA:1666,0
DA:1669,93
DA:1669,93
FN:1677,Ownable.onlyOwner
FNDA:3,Ownable.onlyOwner
DA:1677,3
DA:1677,3
FN:1682,Ownable.owner
FNDA:6,Ownable.owner
DA:1684,80
DA:1684,80
FN:1686,Ownable._checkOwner
FNDA:74,Ownable._checkOwner
DA:1690,74
DA:1690,74
DA:1690,74
DA:1690,74
BRDA:1690,1,0,14
BRDA:1690,1,1,60
DA:1690,14
FN:1698,Ownable.renounceOwnership
FNDA:2,Ownable.renounceOwnership
DA:1701,1
DA:1701,1
FN:1707,Ownable.transferOwnership
FNDA:3,Ownable.transferOwnership
DA:1710,2
DA:1710,2
DA:1710,2
BRDA:1710,2,0,1
BRDA:1710,2,1,1
DA:1712,1
DA:1712,1
DA:1714,1
DA:1714,1
FN:1720,Ownable._transferOwnership
FNDA:95,Ownable._transferOwnership
DA:1723,95
DA:1723,95
DA:1723,95
DA:1724,95
DA:1724,95
FN:1825,TreasuryLari.
FNDA:93,TreasuryLari.
DA:1831,93
DA:1831,93
DA:1831,93
DA:1831,93
DA:1832,92
DA:1832,92
DA:1832,92
BRDA:1831,0,0,2
BRDA:1831,0,1,91
DA:1832,2
DA:1833,91
DA:1833,91
DA:1834,91
DA:1834,91
FN:1838,TreasuryLari.getTLWallet
FNDA:4,TreasuryLari.getTLWallet
DA:1840,4
DA:1840,4
FN:1844,TreasuryLari.getTaxWallet
FNDA:4,TreasuryLari.getTaxWallet
DA:1846,4
DA:1846,4
FN:1852,TreasuryLari.isPool
FNDA:3,TreasuryLari.isPool
DA:1855,3
DA:1855,3
FN:1858,TreasuryLari.getRTFee
FNDA:4,TreasuryLari.getRTFee
DA:1859,4
DA:1859,4
FN:1864,TreasuryLari.getSSFee
FNDA:4,TreasuryLari.getSSFee
DA:1864,4
DA:1864,4
FN:1866,TreasuryLari.getSBFee
FNDA:4,TreasuryLari.getSBFee
DA:1867,4
DA:1867,4
FN:1872,TreasuryLari.getFDivider
FNDA:5,TreasuryLari.getFDivider
DA:1874,5
DA:1874,5
FN:1880,TreasuryLari.getIsRTFeeEnabled
FNDA:4,TreasuryLari.getIsRTFeeEnabled
DA:1882,4
DA:1882,4
FN:1889,TreasuryLari.getIsSFeeEnabled
FNDA:8,TreasuryLari.getIsSFeeEnabled
DA:1891,8
DA:1891,8
FN:1895,TreasuryLari.pause
FNDA:7,TreasuryLari.pause
DA:1896,6
DA:1896,6
FN:1903,TreasuryLari.unpause
FNDA:3,TreasuryLari.unpause
DA:1903,2
DA:1903,2
FN:1915,TreasuryLari.mint
FNDA:15,TreasuryLari.mint
DA:1919,14
DA:1919,14
BRDA:1917,1,0,1
BRDA:1917,1,1,13
DA:1920,1
DA:1920,1
DA:1920,13
DA:1921,13
DA:1921,13
BRDA:1920,2,0,1
BRDA:1920,2,1,12
DA:1921,1
DA:1923,12
DA:1923,12
FN:1930,TreasuryLari.blockUsers
FNDA:7,TreasuryLari.blockUsers
DA:1935,6
DA:1935,6
DA:1935,12
DA:1935,6
DA:1936,6
DA:1936,6
DA:1937,6
BRDA:1937,3,0,-
BRDA:1937,3,1,6
DA:1938,0
DA:1938,0
DA:1942,6
DA:1942,6
FN:1951,TreasuryLari.unblockUsers
FNDA:2,TreasuryLari.unblockUsers
DA:1952,1
DA:1952,1
DA:1952,2
DA:1954,1
DA:1954,1
DA:1954,1
DA:1955,1
DA:1955,1
BRDA:1954,4,0,-
BRDA:1954,4,1,1
DA:1956,0
DA:1956,0
DA:1960,1
DA:1960,1
FN:1973,TreasuryLari.addPoolAddress
FNDA:7,TreasuryLari.addPoolAddress
DA:1974,6
DA:1974,6
BRDA:1974,5,0,1
BRDA:1974,5,1,5
DA:1974,1
DA:1974,5
DA:1975,5
DA:1975,5
FN:1983,TreasuryLari.updateTLWallet
FNDA:4,TreasuryLari.updateTLWallet
DA:1986,3
DA:1986,3
BRDA:1986,6,0,1
BRDA:1986,6,1,2
DA:1988,1
DA:1988,1
DA:1991,2
DA:1991,2
DA:1992,2
DA:1992,2
FN:1998,TreasuryLari.updateTaxWallet
FNDA:3,TreasuryLari.updateTaxWallet
DA:2000,2
DA:2000,2
BRDA:1999,7,0,1
BRDA:1999,7,1,1
DA:2001,1
DA:2001,1
DA:2002,1
DA:2002,1
DA:2004,1
DA:2004,1
FN:2014,TreasuryLari.withdrawStuckedToken
FNDA:3,TreasuryLari.withdrawStuckedToken
DA:2016,2
DA:2016,2
DA:2017,2
DA:2017,2
DA:2019,2
DA:2019,2
BRDA:2018,8,0,1
BRDA:2018,8,1,1
DA:2020,1
DA:2020,1
DA:2022,1
DA:2022,1
DA:2025,1
DA:2025,1
DA:2026,1
DA:2026,1
DA:2026,1
BRDA:2026,9,0,-
BRDA:2026,9,1,1
DA:2028,0
DA:2028,0
FN:2042,TreasuryLari.enableRTFee
FNDA:6,TreasuryLari.enableRTFee
DA:2044,5
DA:2044,5
BRDA:2044,10,0,1
BRDA:2044,10,1,4
DA:2046,1
DA:2046,1
DA:2047,4
DA:2047,4
DA:2050,4
DA:2050,4
DA:2050,4
FN:2066,TreasuryLari.enableSFee
FNDA:12,TreasuryLari.enableSFee
DA:2071,10
DA:2071,10
BRDA:2071,11,0,1
BRDA:2071,11,1,9
DA:2071,1
DA:2072,9
DA:2072,9
BRDA:2072,12,0,1
BRDA:2072,12,1,8
DA:2073,1
DA:2073,1
DA:2075,8
DA:2075,8
DA:2075,8
DA:2076,8
DA:2076,8
DA:2076,8
FNF:95
FNH:81
LF:258
LH:211
BRF:124
BRH:93
end_of_record
